[03:23:38] [main/INFO]: Loading Minecraft 1.21.10 with Fabric Loader 0.17.3
[03:23:38] [main/INFO]: Loading 4 mods:
	- fabricloader 0.17.3
	   \-- mixinextras 0.5.0
	- java 21
	- minecraft 1.21.10
[03:23:38] [main/INFO]: SpongePowered MIXIN Subsystem Version=0.8.7 Source=file:/workspaces/GitHUDmsx/servidor_minecraft/libraries/net/fabricmc/sponge-mixin/0.16.5+mixin.0.8.7/sponge-mixin-0.16.5+mixin.0.8.7.jar Service=Knot/Fabric Env=SERVER
[03:23:43] [main/ERROR]: Failed to load properties from file: server.properties
java.nio.file.NoSuchFileException: server.properties
	at java.base/sun.nio.fs.UnixException.translateToIOException(UnixException.java:92) ~[?:?]
	at java.base/sun.nio.fs.UnixException.rethrowAsIOException(UnixException.java:106) ~[?:?]
	at java.base/sun.nio.fs.UnixException.rethrowAsIOException(UnixException.java:111) ~[?:?]
	at java.base/sun.nio.fs.UnixFileSystemProvider.newByteChannel(UnixFileSystemProvider.java:261) ~[?:?]
	at java.base/java.nio.file.Files.newByteChannel(Files.java:380) ~[?:?]
	at java.base/java.nio.file.Files.newByteChannel(Files.java:432) ~[?:?]
	at java.base/java.nio.file.spi.FileSystemProvider.newInputStream(FileSystemProvider.java:420) ~[?:?]
	at java.base/java.nio.file.Files.newInputStream(Files.java:160) ~[?:?]
	at knot/net.minecraft.class_3808.method_16727(class_3808.java:62) [server-intermediary.jar:?]
	at knot/net.minecraft.class_3806.method_16714(class_3806.java:153) [server-intermediary.jar:?]
	at knot/net.minecraft.class_3807.<init>(class_3807.java:12) [server-intermediary.jar:?]
	at knot/net.minecraft.server.Main.main(Main.java:115) [server-intermediary.jar:?]
	at net.fabricmc.loader.impl.game.minecraft.MinecraftGameProvider.launch(MinecraftGameProvider.java:506) [fabric-loader-0.17.3.jar:?]
	at net.fabricmc.loader.impl.launch.knot.Knot.launch(Knot.java:72) [fabric-loader-0.17.3.jar:?]
	at net.fabricmc.loader.impl.launch.knot.KnotServer.main(KnotServer.java:23) [fabric-loader-0.17.3.jar:?]
	at net.fabricmc.loader.impl.launch.server.FabricServerLauncher.main(FabricServerLauncher.java:69) [fabric-loader-0.17.3.jar:?]
	at net.fabricmc.installer.ServerLauncher.main(ServerLauncher.java:69) [fabric-server-launch.jar:1.0.1]
[03:23:43] [main/INFO]: Environment: Environment[sessionHost=https://sessionserver.mojang.com, servicesHost=https://api.minecraftservices.com, profilesHost=https://api.mojang.com, name=PROD]
[03:23:44] [main/INFO]: No existing world data, creating new world
[03:23:45] [main/INFO]: Loaded 1461 recipes
[03:23:45] [main/INFO]: Loaded 1574 advancements
[03:23:45] [Server thread/INFO]: Starting minecraft server version 1.21.10
[03:23:45] [Server thread/INFO]: Loading properties
[03:23:45] [Server thread/INFO]: Default game type: SURVIVAL
[03:23:45] [Server thread/INFO]: Generating keypair
[03:23:46] [Server thread/INFO]: Starting Minecraft server on *:25565
[03:23:46] [Server thread/INFO]: Using epoll channel type
[03:23:46] [Server thread/INFO]: Preparing level "world"
[03:23:46] [Server thread/INFO]: Selecting global world spawn...
[03:23:52] [Server thread/INFO]: Loading 0 persistent chunks...
[03:23:52] [Server thread/INFO]: Preparing spawn area: 100%
[03:23:52] [Server thread/INFO]: Time elapsed: 5748 ms
[03:23:52] [Server thread/INFO]: Done (6.082s)! For help, type "help"
[03:23:58] [Server thread/INFO]: Stopping the server
[03:23:58] [Server thread/INFO]: Stopping server
[03:23:58] [Server thread/INFO]: Saving players
[03:23:58] [Server thread/INFO]: Saving worlds
[03:23:58] [Server thread/INFO]: Saving chunks for level 'ServerLevel[world]'/minecraft:overworld
[03:23:58] [Server thread/INFO]: Saving chunks for level 'ServerLevel[world]'/minecraft:the_nether
[03:23:58] [Server thread/INFO]: Saving chunks for level 'ServerLevel[world]'/minecraft:the_end
[03:23:58] [Server thread/INFO]: ThreadedAnvilChunkStorage (world): All chunks are saved
[03:23:58] [Server thread/INFO]: ThreadedAnvilChunkStorage (DIM-1): All chunks are saved
[03:23:58] [Server thread/INFO]: ThreadedAnvilChunkStorage (DIM1): All chunks are saved
[03:23:58] [Server thread/INFO]: ThreadedAnvilChunkStorage: All dimensions are saved
